<?xml version="1.0" encoding="UTF-8"?>
<testng-results ignored="0" total="2" passed="2" failed="0" skipped="0">
  <reporter-output>
  </reporter-output>
  <suite started-at="2023-06-24T21:50:18 IST" name="Suite" finished-at="2023-06-24T21:50:58 IST" duration-ms="40115">
    <groups>
    </groups>
    <test started-at="2023-06-24T21:50:18 IST" name="Producttest" finished-at="2023-06-24T21:50:45 IST" duration-ms="27317">
      <class name="Syn_Framework.Syn_Framework.ProTest">
        <test-method signature="login(java.util.HashMap)[pri:0, instance:Syn_Framework.Syn_Framework.ProTest@29215f06]" started-at="2023-06-24T21:50:18 IST" name="login" data-provider="data" finished-at="2023-06-24T21:50:44 IST" duration-ms="26015" status="PASS">
          <params>
            <param index="0">
              <value>
                <![CDATA[{pass=1DA@17mca, email=nikhilravi9847@gmail.com}]]>
              </value>
            </param>
          </params>
          <reporter-output>
          </reporter-output>
        </test-method> <!-- login -->
        <test-method is-config="true" signature="teardown()[pri:0, instance:Syn_Framework.Syn_Framework.ProTest@29215f06]" started-at="2023-06-24T21:50:44 IST" name="teardown" finished-at="2023-06-24T21:50:45 IST" duration-ms="1192" status="PASS">
          <reporter-output>
          </reporter-output>
        </test-method> <!-- teardown -->
      </class> <!-- Syn_Framework.Syn_Framework.ProTest -->
    </test> <!-- Producttest -->
    <test started-at="2023-06-24T21:50:46 IST" name="carttest" finished-at="2023-06-24T21:50:58 IST" duration-ms="12687">
      <class name="Syn_Framework.Syn_Framework.ProductTest">
        <test-method signature="login(java.util.HashMap)[pri:0, instance:Syn_Framework.Syn_Framework.ProductTest@1ffaf86]" started-at="2023-06-24T21:50:46 IST" name="login" data-provider="data" finished-at="2023-06-24T21:50:58 IST" duration-ms="12678" status="PASS">
          <params>
            <param index="0">
              <value>
                <![CDATA[{pass=1DA@17mca, email=nikhilravi9847@gmail.com}]]>
              </value>
            </param>
          </params>
          <reporter-output>
          </reporter-output>
        </test-method> <!-- login -->
      </class> <!-- Syn_Framework.Syn_Framework.ProductTest -->
    </test> <!-- carttest -->
  </suite> <!-- Suite -->
</testng-results>
