<?xml version="1.0" encoding="UTF-8"?>
<testng-results ignored="0" total="2" passed="2" failed="0" skipped="0">
  <reporter-output>
  </reporter-output>
  <suite started-at="2023-06-23T21:57:38 IST" name="Surefire suite" finished-at="2023-06-23T21:58:13 IST" duration-ms="34898">
    <groups>
    </groups>
    <test started-at="2023-06-23T21:57:38 IST" name="Surefire test" finished-at="2023-06-23T21:58:13 IST" duration-ms="34898">
      <class name="Syn_Framework.Syn_Framework.ProTest">
        <test-method signature="login()[pri:0, instance:Syn_Framework.Syn_Framework.ProTest@69fb6037]" started-at="2023-06-23T21:57:58 IST" name="login" finished-at="2023-06-23T21:58:13 IST" duration-ms="14855" status="PASS">
          <reporter-output>
          </reporter-output>
        </test-method> <!-- login -->
      </class> <!-- Syn_Framework.Syn_Framework.ProTest -->
      <class name="Syn_Framework.Syn_Framework.ProductTest">
        <test-method signature="login()[pri:0, instance:Syn_Framework.Syn_Framework.ProductTest@50caa560]" started-at="2023-06-23T21:57:38 IST" name="login" finished-at="2023-06-23T21:57:58 IST" duration-ms="19924" status="PASS">
          <reporter-output>
          </reporter-output>
        </test-method> <!-- login -->
      </class> <!-- Syn_Framework.Syn_Framework.ProductTest -->
    </test> <!-- Surefire test -->
  </suite> <!-- Surefire suite -->
</testng-results>
