<?xml version="1.0" encoding="UTF-8"?>
<testng-results ignored="0" total="1" passed="1" failed="0" skipped="0">
  <reporter-output>
  </reporter-output>
  <suite started-at="2023-06-26T12:03:27 IST" name="Suite" finished-at="2023-06-26T12:03:44 IST" duration-ms="16425">
    <groups>
    </groups>
    <test started-at="2023-06-26T12:03:27 IST" name="carttest" finished-at="2023-06-26T12:03:44 IST" duration-ms="16425">
      <class name="Syn_Framework.Syn_Framework.ProductTest">
        <test-method signature="login(java.util.HashMap)[pri:0, instance:Syn_Framework.Syn_Framework.ProductTest@f5acb9d]" started-at="2023-06-26T12:03:28 IST" name="login" data-provider="data" finished-at="2023-06-26T12:03:44 IST" duration-ms="16256" status="PASS">
          <params>
            <param index="0">
              <value>
                <![CDATA[{pass=1DA@17mca, email=nikhilravi9847@gmail.com}]]>
              </value>
            </param>
          </params>
          <reporter-output>
          </reporter-output>
        </test-method> <!-- login -->
      </class> <!-- Syn_Framework.Syn_Framework.ProductTest -->
    </test> <!-- carttest -->
  </suite> <!-- Suite -->
</testng-results>
