<?xml version="1.0" encoding="UTF-8"?>
<testsuite xmlns:xsi="http://www.w3.org/2001/XMLSchema-instance" xsi:noNamespaceSchemaLocation="https://maven.apache.org/surefire/maven-surefire-plugin/xsd/surefire-test-report.xsd" name="TestSuite" time="24.411" tests="2" errors="0" skipped="0" failures="1">
  <properties>
[...]
</properties>
  <testcase name="login" classname="Syn_Framework.Syn_Framework.ProTest" time="15.098"/>
  <testcase name="login" classname="Syn_Framework.Syn_Framework.ProductTest" time="7.237">
    <failure message="element click intercepted: Element &lt;button _ngcontent-wwi-c33=&quot;&quot; routerlink=&quot;/dashboard/cart&quot; class=&quot;btn btn-custom&quot; style=&quot;margin-top: -10px;&quot; tabindex=&quot;0&quot;&gt;...&lt;/button&gt; is not clickable at point (1211, 27). Other element would receive the click: &lt;div _ngcontent-wwi-c31=&quot;&quot; class=&quot;ngx-spinner-overlay ng-tns-c31-1 ng-trigger ng-trigger-fadeIn ng-star-inserted ng-animating&quot; style=&quot;background-color: rgba(51, 51, 51, 0.8); z-index: 99999; position: fixed;&quot;&gt;...&lt;/div&gt;&#10;  (Session info: chrome=114.0.5735.134)&#10;Build info: version: &apos;4.9.1&apos;, revision: &apos;eb2032df7f&apos;&#10;System info: os.name: &apos;Windows 10&apos;, os.arch: &apos;amd64&apos;, os.version: &apos;10.0&apos;, java.version: &apos;11.0.9&apos;&#10;Driver info: org.openqa.selenium.chrome.ChromeDriver&#10;Command: [be0356f09ef72974e61e33a39bee20e1, clickElement {id=B9BC3B98CAB91818EAE03F0246078D4D_element_31}]&#10;Capabilities {acceptInsecureCerts: false, browserName: chrome, browserVersion: 114.0.5735.134, chrome: {chromedriverVersion: 114.0.5735.90 (386bc09e8f4f..., userDataDir: C:\Users\Nikhil\AppData\Loc...}, goog:chromeOptions: {debuggerAddress: localhost:50811}, networkConnectionEnabled: false, pageLoadStrategy: normal, platformName: windows, proxy: Proxy(), se:cdp: ws://localhost:50811/devtoo..., se:cdpVersion: 114.0.5735.134, setWindowRect: true, strictFileInteractability: false, timeouts: {implicit: 0, pageLoad: 300000, script: 30000}, unhandledPromptBehavior: dismiss and notify, webauthn:extension:credBlob: true, webauthn:extension:largeBlob: true, webauthn:extension:minPinLength: true, webauthn:extension:prf: true, webauthn:virtualAuthenticators: true}&#10;Element: [[ChromeDriver: chrome on windows (be0356f09ef72974e61e33a39bee20e1)] -&gt; xpath: //button[@routerlink=&apos;/dashboard/cart&apos;]]&#10;Session ID: be0356f09ef72974e61e33a39bee20e1" type="org.openqa.selenium.ElementClickInterceptedException"><![CDATA[org.openqa.selenium.ElementClickInterceptedException: 
element click intercepted: Element <button _ngcontent-wwi-c33="" routerlink="/dashboard/cart" class="btn btn-custom" style="margin-top: -10px;" tabindex="0">...</button> is not clickable at point (1211, 27). Other element would receive the click: <div _ngcontent-wwi-c31="" class="ngx-spinner-overlay ng-tns-c31-1 ng-trigger ng-trigger-fadeIn ng-star-inserted ng-animating" style="background-color: rgba(51, 51, 51, 0.8); z-index: 99999; position: fixed;">...</div>
  (Session info: chrome=114.0.5735.134)
Build info: version: '4.9.1', revision: 'eb2032df7f'
System info: os.name: 'Windows 10', os.arch: 'amd64', os.version: '10.0', java.version: '11.0.9'
Driver info: org.openqa.selenium.chrome.ChromeDriver
Command: [be0356f09ef72974e61e33a39bee20e1, clickElement {id=B9BC3B98CAB91818EAE03F0246078D4D_element_31}]
Capabilities {acceptInsecureCerts: false, browserName: chrome, browserVersion: 114.0.5735.134, chrome: {chromedriverVersion: 114.0.5735.90 (386bc09e8f4f..., userDataDir: C:\Users\Nikhil\AppData\Loc...}, goog:chromeOptions: {debuggerAddress: localhost:50811}, networkConnectionEnabled: false, pageLoadStrategy: normal, platformName: windows, proxy: Proxy(), se:cdp: ws://localhost:50811/devtoo..., se:cdpVersion: 114.0.5735.134, setWindowRect: true, strictFileInteractability: false, timeouts: {implicit: 0, pageLoad: 300000, script: 30000}, unhandledPromptBehavior: dismiss and notify, webauthn:extension:credBlob: true, webauthn:extension:largeBlob: true, webauthn:extension:minPinLength: true, webauthn:extension:prf: true, webauthn:virtualAuthenticators: true}
Element: [[ChromeDriver: chrome on windows (be0356f09ef72974e61e33a39bee20e1)] -> xpath: //button[@routerlink='/dashboard/cart']]
Session ID: be0356f09ef72974e61e33a39bee20e1
	at Syn_Framework.Syn_Framework.ProductTest.login(ProductTest.java:61)
]]></failure>
    <system-out><![CDATA[ZARA COAT 3
ADIDAS ORIGINAL
IPHONE 13 PRO
]]></system-out>
    <system-err><![CDATA[Jun 26, 2023 11:27:42 AM org.openqa.selenium.manager.SeleniumManager getDriverPath
INFO: Applicable driver not found; attempting to install with Selenium Manager (Beta)
Starting ChromeDriver 114.0.5735.90 (386bc09e8f4f2e025eddae123f36f6263096ae49-refs/branch-heads/5735@{#1052}) on port 20714
Only local connections are allowed.
Please see https://chromedriver.chromium.org/security-considerations for suggestions on keeping ChromeDriver safe.
ChromeDriver was started successfully.
Jun 26, 2023 11:27:44 AM org.openqa.selenium.devtools.CdpVersionFinder findNearestMatch
WARNING: Unable to find an exact match for CDP version 114, so returning the closest version found: 113
]]></system-err>
  </testcase>
</testsuite>