<?xml version="1.0" encoding="UTF-8"?>
<testng-results ignored="0" total="1" passed="1" failed="0" skipped="0">
  <reporter-output>
  </reporter-output>
  <suite started-at="2023-06-26T11:32:37 IST" name="Suite" finished-at="2023-06-26T11:32:54 IST" duration-ms="17022">
    <groups>
    </groups>
    <test started-at="2023-06-26T11:32:37 IST" name="Producttest" finished-at="2023-06-26T11:32:54 IST" duration-ms="17022">
      <class name="Syn_Framework.Syn_Framework.ProTest">
        <test-method signature="login(java.util.HashMap)[pri:0, instance:Syn_Framework.Syn_Framework.ProTest@29215f06]" started-at="2023-06-26T11:32:37 IST" name="login" data-provider="data" finished-at="2023-06-26T11:32:53 IST" duration-ms="15910" status="PASS">
          <params>
            <param index="0">
              <value>
                <![CDATA[{pass=1DA@17mca, email=nikhilravi9847@gmail.com}]]>
              </value>
            </param>
          </params>
          <reporter-output>
          </reporter-output>
        </test-method> <!-- login -->
        <test-method is-config="true" signature="teardown()[pri:0, instance:Syn_Framework.Syn_Framework.ProTest@29215f06]" started-at="2023-06-26T11:32:53 IST" name="teardown" finished-at="2023-06-26T11:32:54 IST" duration-ms="1006" status="PASS">
          <reporter-output>
          </reporter-output>
        </test-method> <!-- teardown -->
      </class> <!-- Syn_Framework.Syn_Framework.ProTest -->
    </test> <!-- Producttest -->
  </suite> <!-- Suite -->
</testng-results>
