<?xml version="1.0" encoding="UTF-8"?>
<testng-results ignored="0" total="1" passed="1" failed="0" skipped="0">
  <reporter-output>
  </reporter-output>
  <suite started-at="2023-06-26T11:49:38 IST" name="Default suite" finished-at="2023-06-26T11:49:51 IST" duration-ms="13680">
    <groups>
    </groups>
    <test started-at="2023-06-26T11:49:38 IST" name="Default test" finished-at="2023-06-26T11:49:51 IST" duration-ms="13680">
      <class name="Syn_Framework.Syn_Framework.ProductTest">
        <test-method signature="login(java.util.HashMap)[pri:0, instance:Syn_Framework.Syn_Framework.ProductTest@2cf3d63b]" started-at="2023-06-26T11:49:38 IST" name="login" data-provider="data" finished-at="2023-06-26T11:49:51 IST" duration-ms="13613" status="PASS">
          <params>
            <param index="0">
              <value>
                <![CDATA[{pass=1DA@17mca, email=nikhilravi9847@gmail.com}]]>
              </value>
            </param>
          </params>
          <reporter-output>
          </reporter-output>
        </test-method> <!-- login -->
      </class> <!-- Syn_Framework.Syn_Framework.ProductTest -->
    </test> <!-- Default test -->
  </suite> <!-- Default suite -->
</testng-results>
