<?xml version="1.0" encoding="UTF-8"?>
<testng-results ignored="0" total="1" passed="1" failed="0" skipped="0">
  <reporter-output>
  </reporter-output>
  <suite started-at="2023-06-23T21:48:26 IST" name="Default suite" finished-at="2023-06-23T21:48:45 IST" duration-ms="19198">
    <groups>
    </groups>
    <test started-at="2023-06-23T21:48:26 IST" name="Default test" finished-at="2023-06-23T21:48:45 IST" duration-ms="19198">
      <class name="Syn_Framework.Syn_Framework.ProTest">
        <test-method signature="login()[pri:0, instance:Syn_Framework.Syn_Framework.ProTest@750e2b97]" started-at="2023-06-23T21:48:26 IST" name="login" finished-at="2023-06-23T21:48:45 IST" duration-ms="19139" status="PASS">
          <reporter-output>
          </reporter-output>
        </test-method> <!-- login -->
      </class> <!-- Syn_Framework.Syn_Framework.ProTest -->
    </test> <!-- Default test -->
  </suite> <!-- Default suite -->
</testng-results>
